<?xml version="1.0" encoding="UTF-8"?>
<testsuite xmlns:xsi="http://www.w3.org/2001/XMLSchema-instance" xsi:schemaLocation="https://maven.apache.org/surefire/maven-surefire-plugin/xsd/surefire-test-report.xsd" name="com.codebind.maven_demo.ChromeTest" time="1,214.365" tests="31" errors="0" skipped="0" failures="0">
  <properties>
    <property name="java.runtime.name" value="Java(TM) SE Runtime Environment"/>
    <property name="sun.boot.library.path" value="/usr/lib/jvm/java-8-oracle/jre/lib/amd64"/>
    <property name="java.vm.version" value="25.171-b11"/>
    <property name="java.vm.vendor" value="Oracle Corporation"/>
    <property name="maven.multiModuleProjectDirectory" value="/home/ltuser/workspace/maven-demo"/>
    <property name="java.vendor.url" value="http://java.oracle.com/"/>
    <property name="path.separator" value=":"/>
    <property name="guice.disable.misplaced.annotation.check" value="true"/>
    <property name="java.vm.name" value="Java HotSpot(TM) 64-Bit Server VM"/>
    <property name="file.encoding.pkg" value="sun.io"/>
    <property name="user.country" value="IN"/>
    <property name="sun.java.launcher" value="SUN_STANDARD"/>
    <property name="sun.os.patch.level" value="unknown"/>
    <property name="java.vm.specification.name" value="Java Virtual Machine Specification"/>
    <property name="user.dir" value="/home/ltuser/workspace/maven-demo"/>
    <property name="java.runtime.version" value="1.8.0_171-b11"/>
    <property name="java.awt.graphicsenv" value="sun.awt.X11GraphicsEnvironment"/>
    <property name="java.endorsed.dirs" value="/usr/lib/jvm/java-8-oracle/jre/lib/endorsed"/>
    <property name="os.arch" value="amd64"/>
    <property name="java.io.tmpdir" value="/tmp"/>
    <property name="line.separator" value="&#10;"/>
    <property name="java.vm.specification.vendor" value="Oracle Corporation"/>
    <property name="os.name" value="Linux"/>
    <property name="classworlds.conf" value="/home/ltuser/workspace/.metadata/.plugins/org.eclipse.m2e.launching/launches/m2conf5888104639891481315.tmp"/>
    <property name="sun.jnu.encoding" value="UTF-8"/>
    <property name="java.library.path" value="/usr/java/packages/lib/amd64:/usr/lib64:/lib64:/lib:/usr/lib"/>
    <property name="java.specification.name" value="Java Platform API Specification"/>
    <property name="java.class.version" value="52.0"/>
    <property name="sun.management.compiler" value="HotSpot 64-Bit Tiered Compilers"/>
    <property name="os.version" value="4.13.0-39-generic"/>
    <property name="user.home" value="/home/ltuser"/>
    <property name="user.timezone" value="Asia/Kolkata"/>
    <property name="java.awt.printerjob" value="sun.print.PSPrinterJob"/>
    <property name="file.encoding" value="UTF-8"/>
    <property name="java.specification.version" value="1.8"/>
    <property name="user.name" value="ltuser"/>
    <property name="java.class.path" value="/home/ltuser/.p2/pool/plugins/org.eclipse.m2e.maven.runtime_1.8.3.20180227-2135/jars/plexus-classworlds-2.5.2.jar"/>
    <property name="java.vm.specification.version" value="1.8"/>
    <property name="sun.arch.data.model" value="64"/>
    <property name="java.home" value="/usr/lib/jvm/java-8-oracle/jre"/>
    <property name="sun.java.command" value="org.codehaus.plexus.classworlds.launcher.Launcher -B test"/>
    <property name="java.specification.vendor" value="Oracle Corporation"/>
    <property name="user.language" value="en"/>
    <property name="awt.toolkit" value="sun.awt.X11.XToolkit"/>
    <property name="java.vm.info" value="mixed mode"/>
    <property name="java.version" value="1.8.0_171"/>
    <property name="java.ext.dirs" value="/usr/lib/jvm/java-8-oracle/jre/lib/ext:/usr/java/packages/lib/ext"/>
    <property name="securerandom.source" value="file:/dev/./urandom"/>
    <property name="sun.boot.class.path" value="/usr/lib/jvm/java-8-oracle/jre/lib/resources.jar:/usr/lib/jvm/java-8-oracle/jre/lib/rt.jar:/usr/lib/jvm/java-8-oracle/jre/lib/sunrsasign.jar:/usr/lib/jvm/java-8-oracle/jre/lib/jsse.jar:/usr/lib/jvm/java-8-oracle/jre/lib/jce.jar:/usr/lib/jvm/java-8-oracle/jre/lib/charsets.jar:/usr/lib/jvm/java-8-oracle/jre/lib/jfr.jar:/usr/lib/jvm/java-8-oracle/jre/classes"/>
    <property name="java.vendor" value="Oracle Corporation"/>
    <property name="maven.home" value="/home/ltuser/workspace/maven-demo/EMBEDDED"/>
    <property name="file.separator" value="/"/>
    <property name="java.vendor.url.bug" value="http://bugreport.sun.com/bugreport/"/>
    <property name="sun.cpu.endian" value="little"/>
    <property name="sun.io.unicode.encoding" value="UnicodeLittle"/>
    <property name="sun.desktop" value="gnome"/>
    <property name="sun.cpu.isalist" value=""/>
  </properties>
  <testcase name="testMethod" classname="com.codebind.maven_demo.ChromeTest" time="38.531"/>
  <testcase name="testMethod" classname="com.codebind.maven_demo.ChromeTest" time="38.482"/>
  <testcase name="testMethod" classname="com.codebind.maven_demo.ChromeTest" time="38.372"/>
  <testcase name="testMethod" classname="com.codebind.maven_demo.ChromeTest" time="38.561"/>
  <testcase name="testMethod" classname="com.codebind.maven_demo.ChromeTest" time="38.413"/>
  <testcase name="testMethod" classname="com.codebind.maven_demo.ChromeTest" time="38.361"/>
  <testcase name="testMethod" classname="com.codebind.maven_demo.ChromeTest" time="38.307"/>
  <testcase name="testMethod" classname="com.codebind.maven_demo.ChromeTest" time="38.384"/>
  <testcase name="testMethod" classname="com.codebind.maven_demo.ChromeTest" time="38.33"/>
  <testcase name="testMethod" classname="com.codebind.maven_demo.ChromeTest" time="38.242"/>
  <testcase name="testMethod" classname="com.codebind.maven_demo.ChromeTest" time="38.266"/>
  <testcase name="testMethod" classname="com.codebind.maven_demo.ChromeTest" time="38.231"/>
  <testcase name="testMethod" classname="com.codebind.maven_demo.ChromeTest" time="38.476"/>
  <testcase name="testMethod" classname="com.codebind.maven_demo.ChromeTest" time="38.529"/>
  <testcase name="testMethod" classname="com.codebind.maven_demo.ChromeTest" time="38.354"/>
  <testcase name="testMethod" classname="com.codebind.maven_demo.ChromeTest" time="38.68"/>
  <testcase name="testMethod" classname="com.codebind.maven_demo.ChromeTest" time="38.301"/>
  <testcase name="testMethod" classname="com.codebind.maven_demo.ChromeTest" time="38.447"/>
  <testcase name="testMethod" classname="com.codebind.maven_demo.ChromeTest" time="38.226"/>
  <testcase name="testMethod" classname="com.codebind.maven_demo.ChromeTest" time="38.312"/>
  <testcase name="testMethod" classname="com.codebind.maven_demo.ChromeTest" time="38.324"/>
  <testcase name="testMethod" classname="com.codebind.maven_demo.ChromeTest" time="38.397"/>
  <testcase name="testMethod" classname="com.codebind.maven_demo.ChromeTest" time="38.327"/>
  <testcase name="testMethod" classname="com.codebind.maven_demo.ChromeTest" time="38.193"/>
  <testcase name="testMethod" classname="com.codebind.maven_demo.ChromeTest" time="38.24"/>
  <testcase name="testMethod" classname="com.codebind.maven_demo.ChromeTest" time="38.361"/>
  <testcase name="testMethod" classname="com.codebind.maven_demo.ChromeTest" time="38.239"/>
  <testcase name="testMethod" classname="com.codebind.maven_demo.ChromeTest" time="38.436"/>
  <testcase name="testMethod" classname="com.codebind.maven_demo.ChromeTest" time="38.397"/>
  <testcase name="testMethod" classname="com.codebind.maven_demo.ChromeTest" time="38.41"/>
  <testcase name="testMethod" classname="com.codebind.maven_demo.ChromeTest" time="38.304"/>
</testsuite>