<?xml version="1.0" encoding="UTF-8"?>
<!-- Generated by org.testng.reporters.JUnitReportReporter -->
<testsuite skipped="0" hostname="ltuser-Lenovo-G50-70" name="com.codebind.maven_demo.ChromeTest" tests="31" failures="0" timestamp="03 May 2018 16:14:18 GMT" time="1189.437" errors="0">
  <testcase name="testMethod" time="38.217" classname="com.codebind.maven_demo.ChromeTest"/>
  <testcase name="testMethod" time="38.326" classname="com.codebind.maven_demo.ChromeTest"/>
  <testcase name="testMethod" time="38.398" classname="com.codebind.maven_demo.ChromeTest"/>
  <testcase name="testMethod" time="38.561" classname="com.codebind.maven_demo.ChromeTest"/>
  <testcase name="testMethod" time="38.266" classname="com.codebind.maven_demo.ChromeTest"/>
  <testcase name="testMethod" time="38.371" classname="com.codebind.maven_demo.ChromeTest"/>
  <testcase name="testMethod" time="38.231" classname="com.codebind.maven_demo.ChromeTest"/>
  <testcase name="testMethod" time="38.397" classname="com.codebind.maven_demo.ChromeTest"/>
  <testcase name="testMethod" time="38.304" classname="com.codebind.maven_demo.ChromeTest"/>
  <testcase name="testMethod" time="38.241" classname="com.codebind.maven_demo.ChromeTest"/>
  <testcase name="testMethod" time="38.681" classname="com.codebind.maven_demo.ChromeTest"/>
  <testcase name="testMethod" time="38.476" classname="com.codebind.maven_demo.ChromeTest"/>
  <testcase name="testMethod" time="38.352" classname="com.codebind.maven_demo.ChromeTest"/>
  <testcase name="testMethod" time="38.330" classname="com.codebind.maven_demo.ChromeTest"/>
  <testcase name="testMethod" time="38.448" classname="com.codebind.maven_demo.ChromeTest"/>
  <testcase name="testMethod" time="38.530" classname="com.codebind.maven_demo.ChromeTest"/>
  <testcase name="testMethod" time="38.192" classname="com.codebind.maven_demo.ChromeTest"/>
  <testcase name="testMethod" time="38.538" classname="com.codebind.maven_demo.ChromeTest"/>
  <testcase name="testMethod" time="38.320" classname="com.codebind.maven_demo.ChromeTest"/>
  <testcase name="testMethod" time="38.410" classname="com.codebind.maven_demo.ChromeTest"/>
  <testcase name="testMethod" time="38.323" classname="com.codebind.maven_demo.ChromeTest"/>
  <testcase name="testMethod" time="38.435" classname="com.codebind.maven_demo.ChromeTest"/>
  <testcase name="testMethod" time="38.485" classname="com.codebind.maven_demo.ChromeTest"/>
  <testcase name="testMethod" time="38.362" classname="com.codebind.maven_demo.ChromeTest"/>
  <testcase name="testMethod" time="38.414" classname="com.codebind.maven_demo.ChromeTest"/>
  <testcase name="testMethod" time="38.359" classname="com.codebind.maven_demo.ChromeTest"/>
  <testcase name="testMethod" time="38.238" classname="com.codebind.maven_demo.ChromeTest"/>
  <testcase name="testMethod" time="38.305" classname="com.codebind.maven_demo.ChromeTest"/>
  <testcase name="testMethod" time="38.384" classname="com.codebind.maven_demo.ChromeTest"/>
  <testcase name="testMethod" time="38.242" classname="com.codebind.maven_demo.ChromeTest"/>
  <testcase name="testMethod" time="38.301" classname="com.codebind.maven_demo.ChromeTest"/>
</testsuite> <!-- com.codebind.maven_demo.ChromeTest -->
